[2015.12.24-19.32.10:130][  0]Log file open, 12/24/15 11:32:10
[2015.12.24-19.32.10:130][  0]LogInit:Display: Running engine for game: Sandbox
[2015.12.24-19.32.10:130][  0]LogPlatformFile: Not using cached read wrapper
[2015.12.24-19.32.10:130][  0]LogInit:Display: RandInit(1025737564) SRandInit(1025737590).
[2015.12.24-19.32.10:130][  0]LogTaskGraph: Started task graph with 4 named threads and 8 total threads.
[2015.12.24-19.32.10:130][  0]LogStats: Stats thread started at 0.096277
[2015.12.24-19.32.10:130][  0]LogInit: Version: 4.10.1-2791327+++depot+UE4-Releases+4.10
[2015.12.24-19.32.10:130][  0]LogInit: API Version: 2758231
[2015.12.24-19.32.10:130][  0]LogInit: Compiled (64-bit): Dec  4 2015 19:44:40
[2015.12.24-19.32.10:130][  0]LogInit: Compiled with Visual C++: 19.00.23026.00
[2015.12.24-19.32.10:130][  0]LogInit: Build Configuration: Development
[2015.12.24-19.32.10:130][  0]LogInit: Branch Name: ++depot+UE4-Releases+4.10
[2015.12.24-19.32.10:130][  0]LogInit: Command line: 
[2015.12.24-19.32.10:130][  0]LogInit: Base directory: C:/Program Files/Epic Games/4.10/Engine/Binaries/Win64/
[2015.12.24-19.32.10:130][  0]LogInit: Rocket: 1
[2015.12.24-19.32.10:139][  0]LogInit: Using libcurl 7.41.0
[2015.12.24-19.32.10:139][  0]LogInit:  - built for x86_64-pc-win32
[2015.12.24-19.32.10:139][  0]LogInit:  - supports SSL with WinSSL
[2015.12.24-19.32.10:139][  0]LogInit:  - other features:
[2015.12.24-19.32.10:139][  0]LogInit:      CURL_VERSION_SSL
[2015.12.24-19.32.10:139][  0]LogInit:      CURL_VERSION_IPV6
[2015.12.24-19.32.10:139][  0]LogInit:      CURL_VERSION_ASYNCHDNS
[2015.12.24-19.32.10:139][  0]LogInit:      CURL_VERSION_LARGEFILE
[2015.12.24-19.32.10:139][  0]LogInit:      CURL_VERSION_IDN
[2015.12.24-19.32.10:139][  0]LogInit:  CurlRequestOptions (configurable via config and command line):
[2015.12.24-19.32.10:139][  0]LogInit:  - bVerifyPeer = true  - Libcurl will verify peer certificate
[2015.12.24-19.32.10:139][  0]LogInit:  - bUseHttpProxy = false  - Libcurl will NOT use HTTP proxy
[2015.12.24-19.32.10:139][  0]LogInit:  - bDontReuseConnections = false  - Libcurl will reuse connections
[2015.12.24-19.32.10:139][  0]LogInit:  - CertBundlePath = nullptr  - Libcurl will use whatever was configured at build time.
[2015.12.24-19.32.10:151][  0]LogInit: Presizing for 0 objects not considered by GC, pre-allocating 0 bytes.
[2015.12.24-19.32.10:162][  0]LogInit: Object subsystem initialized
[2015.12.24-19.32.10:163][  0]LogInit: Selected Device Profile: [Windows]
[2015.12.24-19.32.10:163][  0]LogInit: Applying CVar settings loaded from the selected device profile: [Windows]
[2015.12.24-19.32.10:176][  0]LogInit: Computer: WINTERMUTE
[2015.12.24-19.32.10:176][  0]LogInit: User: Patrick
[2015.12.24-19.32.10:176][  0]LogInit: CPU Page size=4096, Cores=6
[2015.12.24-19.32.10:176][  0]LogInit: High frequency timer resolution =14.318180 MHz
[2015.12.24-19.32.10:176][  0]LogMemory: Memory total: Physical=31.9GB (32GB approx)
[2015.12.24-19.32.10:176][  0]LogMemory: Platform Memory Stats for Windows
[2015.12.24-19.32.10:176][  0]LogMemory: Process Physical Memory: 55.52 MB used, 55.52 MB peak
[2015.12.24-19.32.10:176][  0]LogMemory: Process Virtual Memory: 55.59 MB used, 55.59 MB peak
[2015.12.24-19.32.10:176][  0]LogMemory: Physical Memory: 4893.33 MB used, 32703.67 MB total
[2015.12.24-19.32.10:176][  0]LogMemory: Virtual Memory: 366.41 MB used, 8388608.00 MB total
[2015.12.24-19.32.10:219][  0]LogTextLocalizationManager: No specific translations for ('en-US') exist, so ('en') translations will be used.
[2015.12.24-19.32.10:705][  0]LogD3D11RHI: Found D3D11 adapter 0: NVIDIA GeForce GTX 780 Ti  (Feature Level 11_0)
[2015.12.24-19.32.10:705][  0]LogD3D11RHI: Adapter has 2950MB of dedicated video memory, 0MB of dedicated system memory, and 16095MB of shared system memory, 1 output[s]
[2015.12.24-19.32.10:706][  0]LogD3D11RHI: Found D3D11 adapter 1: Microsoft Basic Render Driver (Feature Level 11_0)
[2015.12.24-19.32.10:707][  0]LogD3D11RHI: Adapter has 0MB of dedicated video memory, 0MB of dedicated system memory, and 256MB of shared system memory, 0 output[s]
[2015.12.24-19.32.10:707][  0]LogD3D11RHI: Chosen D3D11 Adapter Id = 0
[2015.12.24-19.32.10:713][  0]LogD3D11RHI: !Direct3DDevice
[2015.12.24-19.32.10:713][  0]LogRHI: Texture pool is 1361 MB (70% of 1945 MB)
[2015.12.24-19.32.10:724][  0]LogD3D11RHI: Async texture creation enabled
[2015.12.24-19.32.10:740][  0]LogShaderCompilers: Guid format shader working directory is -10 characters bigger than the processId version (../../../../../../Users/Patrick/Productions/Unreal/Sandbox/Intermediate/Shaders/WorkingDirectory/8308/).
[2015.12.24-19.32.10:740][  0]LogShaderCompilers: Cleaned the shader compiler working directory 'C:/Users/Patrick/AppData/Local/Temp/UnrealShaderWorkingDir/2D76FC7B4EDB4AA6649B6294679D4059/'.
[2015.12.24-19.32.10:740][  0]LogShaderCompilers:Display: Using Local Shader Compiler.
[2015.12.24-19.32.11:582][  0]LogTemp:Display: Loaded TP AllDesktopTargetPlatform
[2015.12.24-19.32.11:587][  0]LogTemp:Display: Loaded TP WindowsClientTargetPlatform
[2015.12.24-19.32.11:591][  0]LogTemp:Display: Loaded TP WindowsNoEditorTargetPlatform
[2015.12.24-19.32.11:596][  0]LogTemp:Display: Loaded TP WindowsServerTargetPlatform
[2015.12.24-19.32.11:600][  0]LogTemp:Display: Loaded TP WindowsTargetPlatform
[2015.12.24-19.32.11:603][  0]LogTemp:Display: Loaded TP AndroidTargetPlatform
[2015.12.24-19.32.11:605][  0]LogTemp:Display: Loaded TP Android_ASTCTargetPlatform
[2015.12.24-19.32.11:608][  0]LogTemp:Display: Loaded TP Android_ATCTargetPlatform
[2015.12.24-19.32.11:611][  0]LogTemp:Display: Loaded TP Android_DXTTargetPlatform
[2015.12.24-19.32.11:614][  0]LogTemp:Display: Loaded TP Android_ETC1TargetPlatform
[2015.12.24-19.32.11:617][  0]LogTemp:Display: Loaded TP Android_ETC2TargetPlatform
[2015.12.24-19.32.11:623][  0]LogTemp:Display: Loaded TP Android_MultiTargetPlatform
[2015.12.24-19.32.11:623][  0]LogTemp:Display: Loaded TP Android_PVRTCTargetPlatform
[2015.12.24-19.32.11:624][  0]LogTemp:Display: Loaded TP HTML5TargetPlatform
[2015.12.24-19.32.11:641][  0]LogTemp:Display: Loaded TP IOSTargetPlatform
[2015.12.24-19.32.11:645][  0]LogTemp:Display: Loaded TP LinuxNoEditorTargetPlatform
[2015.12.24-19.32.11:650][  0]LogTemp:Display: Loaded TP LinuxServerTargetPlatform
[2015.12.24-19.32.11:653][  0]LogTemp:Display: Loaded TP LinuxTargetPlatform
[2015.12.24-19.32.11:653][  0]LogTargetPlatformManager:Display: Building Assets For Windows
[2015.12.24-19.32.11:754][  0]LogDerivedDataCache:Display: Max Cache Size: 512 MB
[2015.12.24-19.32.11:804][  0]LogDerivedDataCache: Loaded boot cache 0.05s 41MB C:/Users/Patrick/AppData/Local/UnrealEngine/4.10/DerivedDataCache/Boot.ddc.
[2015.12.24-19.32.11:804][  0]LogDerivedDataCache:Display: Loaded Boot cache: C:/Users/Patrick/AppData/Local/UnrealEngine/4.10/DerivedDataCache/Boot.ddc
[2015.12.24-19.32.11:804][  0]LogDerivedDataCache: FDerivedDataBackendGraph:  Pak pak cache file ../../../../../../Users/Patrick/Productions/Unreal/Sandbox/DerivedDataCache/DDC.ddp not found, will not use a pak cache.
[2015.12.24-19.32.11:804][  0]LogDerivedDataCache: Unable to find inner node Pak for hierarchical cache Hierarchy.
[2015.12.24-19.32.11:804][  0]LogDerivedDataCache: FDerivedDataBackendGraph:  CompressedPak pak cache file ../../../../../../Users/Patrick/Productions/Unreal/Sandbox/DerivedDataCache/Compressed.ddp not found, will not use a pak cache.
[2015.12.24-19.32.11:804][  0]LogDerivedDataCache: Unable to find inner node CompressedPak for hierarchical cache Hierarchy.
[2015.12.24-19.32.11:865][  0]LogDerivedDataCache:Display: Pak cache opened for reading ../../../Engine/DerivedDataCache/Compressed.ddp.
[2015.12.24-19.32.11:877][  0]LogDerivedDataCache: Using Local data cache path C:/Users/Patrick/AppData/Local/UnrealEngine/Common/DerivedDataCache: Writable
[2015.12.24-19.32.12:131][  0]LogInit: Selected Device Profile: [Windows]
[2015.12.24-19.32.12:134][  0]LogContentStreaming: Texture pool size is 0.000000MB
[2015.12.24-19.32.12:239][  0]LogMeshUtilities: No automatic mesh reduction module available
[2015.12.24-19.32.12:239][  0]LogMeshUtilities: No automatic mesh merging module available
[2015.12.24-19.32.12:479][  0]LogInit: WinSock: version 1.1 (2.2), MaxSocks=32767, MaxUdp=65467
[2015.12.24-19.32.13:291][  0]UdpMessaging: Initializing bridge on interface 0.0.0.0:0 to multicast group 230.0.0.1:6666.
[2015.12.24-19.32.13:396][  0]LogAssetRegistry: FAssetRegistry took 0.0112 seconds to start up
[2015.12.24-19.32.13:570][  0]SourceControl: Info Source control is disabled
[2015.12.24-19.32.13:576][  0]SourceControl: Info Source control is disabled
[2015.12.24-19.32.13:586][  0]SourceControl: Info Source control is disabled
[2015.12.24-19.32.13:596][  0]SourceControl: Info Source control is disabled
[2015.12.24-19.32.13:842][  0]LogObj: 28640 objects as part of root set at end of initial load.
[2015.12.24-19.32.13:842][  0]LogUObjectAllocator: 6104624 out of 0 bytes used by permanent object pool.
[2015.12.24-19.32.13:930][  0]LogEngine: Initializing Engine...
[2015.12.24-19.32.13:933][  0]LogHMD: Can't find Oculus library dev build: is proper Runtime installed? Version: 0.8.0.0
[2015.12.24-19.32.13:933][  0]LogHMD: SteamVR failed to initialize.  Err: 110
[2015.12.24-19.32.14:063][  0]LogAIModule: Creating AISystem for world NewWorld
[2015.12.24-19.32.14:073][  0]LogInit: XAudio2 using '34UM95-4 (NVIDIA High Definition Audio)' : 2 channels at 48 kHz using 16 bits per sample (channel mask 0x3)
[2015.12.24-19.32.14:092][  0]LogInit: FAudioDevice initialized.
[2015.12.24-19.32.14:110][  0]LogDerivedDataCache: Saved boot cache 0.02s 41MB C:/Users/Patrick/AppData/Local/UnrealEngine/4.10/DerivedDataCache/Boot.ddc.
[2015.12.24-19.32.14:115][  0]LogInit: Texture streaming: Enabled
[2015.12.24-19.32.14:120][  0]LogAnalytics: Creating configured Analytics provider AnalyticsET
[2015.12.24-19.32.14:120][  0]LogAnalytics: [UEEditor.Rocket.Release] APIServer = http://et2.epicgames.com/ET2/. AppVersion = 4.10.1-2791327+++depot+UE4-Releases+4.10
[2015.12.24-19.32.14:120][  0]LogAnalytics: [UEEditor.Rocket.Release] SetUserId 74fce6944b15edec3a775d807fd3ef0d|d1d8aa7f388042d98ec1c446ef77b9bc|bf04ab3f-d75e-4070-81c2-7ee4fe272af8
[2015.12.24-19.32.14:120][  0]LogAnalytics: [UEEditor.Rocket.Release] AnalyticsET::StartSession
[2015.12.24-19.32.14:147][  0]LogWindowsTextInputMethodSystem:Display: IME system now deactivated.
[2015.12.24-19.32.14:158][  0]LogInit: Transaction tracking system initialized
[2015.12.24-19.32.14:183][  0]BlueprintLog: New page: Editor Load
[2015.12.24-19.32.14:377][  0]LocalizationService: Info Localization service is disabled
[2015.12.24-19.32.14:733][  0]LogConsoleResponse:Display: 
[2015.12.24-19.32.14:852][  0]LogCook:Display: Done creating registry. It took  0.00s.
[2015.12.24-19.32.14:907][  0]LogFileCache: Scanning file cache for directory 'C:/Users/Patrick/Productions/Unreal/Sandbox/Content/' took 0.02s
[2015.12.24-19.32.14:907][  0]SourceControl: Info Source control is disabled
[2015.12.24-19.32.14:907][  0]Cmd: MAP LOAD FILE="../../../../../../Users/Patrick/Productions/Unreal/Sandbox/Content/StarterContent/Maps/Minimal_Default.umap" TEMPLATE=0 SHOWPROGRESS=1 FEATURELEVEL=3
[2015.12.24-19.32.14:911][  0]LightingResults: New page: Lighting Build
[2015.12.24-19.32.14:915][  0]MapCheck: New page: Map Check
[2015.12.24-19.32.14:915][  0]LightingResults: New page: Lighting Build
[2015.12.24-19.32.14:925][  0]LogParticles: Destroying 0 GPU particle simulations for FXSystem 0x000000C7E2266AC0
[2015.12.24-19.32.15:419][  0]LogAIModule: Creating AISystem for world Minimal_Default
[2015.12.24-19.32.15:427][  0]LogEditorServer: Finished looking for orphan Actors (0.000 secs)
[2015.12.24-19.32.15:428][  0]Cmd: MAP CHECKDEP NOCLEARLOG
[2015.12.24-19.32.15:475][  0]MapCheck: Info Map check complete: 0 Error(s), 0 Warning(s), took 46.954ms to complete.
[2015.12.24-19.32.15:475][  0]LogFileHelpers: Loading map 'Minimal_Default' took 0.568
[2015.12.24-19.32.15:589][  0]LogCollectionManager: Loaded 0 collections in 0.001973 seconds
[2015.12.24-19.32.15:640][  0]LogFileCache: Scanning file cache for directory 'C:/Users/Patrick/Productions/Unreal/Sandbox/Saved/Collections/' took 0.01s
[2015.12.24-19.32.15:640][  0]LogFileCache: Scanning file cache for directory 'C:/Users/Patrick/Productions/Unreal/Sandbox/Content/Developers/Patrick/Collections/' took 0.01s
[2015.12.24-19.32.15:640][  0]LogFileCache: Scanning file cache for directory 'C:/Users/Patrick/Productions/Unreal/Sandbox/Content/Collections/' took 0.01s
[2015.12.24-19.32.15:640][  0]LogCollectionManager: Rebuilt the GUID cache for 0 collections in 0.000003 seconds
[2015.12.24-19.32.15:650][  0]LogContentBrowser: Native class hierarchy populated in 0.0091 seconds. Added 1895 classes and 340 folders.
[2015.12.24-19.32.15:661][  0]LogContentBrowser: Native class hierarchy updated for 'WidgetCarousel' in 0.0010 seconds. Added 0 classes and 0 folders.
[2015.12.24-19.32.15:751][  0]LogContentBrowser: Native class hierarchy updated for 'AddContentDialog' in 0.0011 seconds. Added 0 classes and 0 folders.
[2015.12.24-19.32.15:768][  0]LogContentBrowser: Native class hierarchy updated for 'SceneOutliner' in 0.0012 seconds. Added 1 classes and 2 folders.
[2015.12.24-19.32.15:875][  0]LogCrashTracker: Crashtracker disabled due to settings.
[2015.12.24-19.32.15:886][  0]LogUObjectGlobals:Warning: Failed to find object 'Class None.'
[2015.12.24-19.32.15:910][  0]LogLoad: Full Startup: 6.57 seconds (BP compile: 0.05 seconds)
[2015.12.24-19.32.15:921][  0]LogOcInput: Can't find Oculus library dev build: is proper Runtime installed? Version: 0.8.0.0
[2015.12.24-19.32.15:994][  0]LogContentStreaming: Texture pool size now 1000 MB
[2015.12.24-19.32.16:146][  0]LogRenderer: Reallocating scene render targets to support 2036x752 (Frame:2).
[2015.12.24-19.32.16:352][  3]LogAssetRegistry: Asset discovery search completed in 2.9675 seconds
[2015.12.24-19.32.16:352][  3]LogCollectionManager: Rebuilt the object cache for 0 collections in 0.000002 seconds (found 0 objects)
[2015.12.24-19.32.16:352][  3]LogCollectionManager: Fixed up redirectors for 0 collections in 0.000034 seconds (updated 0 objects)
[2015.12.24-19.38.47:453][278]LogBlueprintUserMessages: Early PlayInEditor Detection: Level '/Game/StarterContent/Maps/Minimal_Default.Minimal_Default:PersistentLevel' has LevelScriptBlueprint '/Game/StarterContent/Maps/Minimal_Default.Minimal_Default:PersistentLevel.Minimal_Default' with GeneratedClass '/Game/StarterContent/Maps/Minimal_Default.Minimal_Default_C' with ClassGeneratedBy '/Game/StarterContent/Maps/Minimal_Default.Minimal_Default:PersistentLevel.Minimal_Default'
[2015.12.24-19.38.47:453][278]LogPlayLevel: PlayLevel: No blueprints needed recompiling
[2015.12.24-19.38.47:454][278]PIE: New page: PIE session: Minimal_Default (Dec 24, 2015, 3:38:47 AM)
[2015.12.24-19.38.47:454][278]LogPlayLevel: Creating play world package: /Game/StarterContent/Maps/UEDPIE_0_Minimal_Default
[2015.12.24-19.38.47:462][278]LogPlayLevel: PIE: StaticDuplicateObject took: (0.007668s)
[2015.12.24-19.38.47:463][278]LogAIModule: Creating AISystem for world Minimal_Default
[2015.12.24-19.38.47:463][278]LogPlayLevel: PIE: World Init took: (0.000896s)
[2015.12.24-19.38.47:463][278]LogPlayLevel: PIE: Created PIE world by copying editor world from /Game/StarterContent/Maps/Minimal_Default.Minimal_Default to /Game/StarterContent/Maps/UEDPIE_0_Minimal_Default.Minimal_Default (0.008923s)
[2015.12.24-19.38.47:494][278]LogInit: XAudio2 using '34UM95-4 (NVIDIA High Definition Audio)' : 2 channels at 48 kHz using 16 bits per sample (channel mask 0x3)
[2015.12.24-19.38.47:504][278]LogInit: FAudioDevice initialized.
[2015.12.24-19.38.47:561][278]LogWorld: Game class is 'SandboxGameMode'
[2015.12.24-19.38.47:567][278]LogWorld: Bringing World /Game/StarterContent/Maps/UEDPIE_0_Minimal_Default.Minimal_Default up for play (max tick rate 0) at 2015.12.24-11.38.47
[2015.12.24-19.38.47:567][278]LogActor:Warning: GameSession /Game/StarterContent/Maps/UEDPIE_0_Minimal_Default.Minimal_Default:PersistentLevel.GameSession_0 has natively added scene component(s), but none of them were set as the actor's RootComponent - picking one arbitrarily
[2015.12.24-19.38.47:567][278]LogActor:Warning: GameNetworkManager /Game/StarterContent/Maps/UEDPIE_0_Minimal_Default.Minimal_Default:PersistentLevel.GameNetworkManager_0 has natively added scene component(s), but none of them were set as the actor's RootComponent - picking one arbitrarily
[2015.12.24-19.38.47:567][278]LogWorld: Bringing up level for play took: 0.004107
[2015.12.24-19.38.47:573][278]PIE: Info Play in editor start time for /Game/StarterContent/Maps/UEDPIE_0_Minimal_Default 0.254
[2015.12.24-19.38.47:574][278]LogBlueprintUserMessages: Late PlayInEditor Detection: Level '/Game/StarterContent/Maps/Minimal_Default.Minimal_Default:PersistentLevel' has LevelScriptBlueprint '/Game/StarterContent/Maps/Minimal_Default.Minimal_Default:PersistentLevel.Minimal_Default' with GeneratedClass '/Game/StarterContent/Maps/Minimal_Default.Minimal_Default_C' with ClassGeneratedBy '/Game/StarterContent/Maps/Minimal_Default.Minimal_Default:PersistentLevel.Minimal_Default'
[2015.12.24-19.38.53:214][947]LogBlueprintUserMessages: Early EndPlayMap Detection: Level '/Game/StarterContent/Maps/Minimal_Default.Minimal_Default:PersistentLevel' has LevelScriptBlueprint '/Game/StarterContent/Maps/Minimal_Default.Minimal_Default:PersistentLevel.Minimal_Default' with GeneratedClass '/Game/StarterContent/Maps/Minimal_Default.Minimal_Default_C' with ClassGeneratedBy '/Game/StarterContent/Maps/Minimal_Default.Minimal_Default:PersistentLevel.Minimal_Default'
[2015.12.24-19.38.53:253][947]LogBlueprintUserMessages: Late EndPlayMap Detection: Level '/Game/StarterContent/Maps/Minimal_Default.Minimal_Default:PersistentLevel' has LevelScriptBlueprint '/Game/StarterContent/Maps/Minimal_Default.Minimal_Default:PersistentLevel.Minimal_Default' with GeneratedClass '/Game/StarterContent/Maps/Minimal_Default.Minimal_Default_C' with ClassGeneratedBy '/Game/StarterContent/Maps/Minimal_Default.Minimal_Default:PersistentLevel.Minimal_Default'
[2015.12.24-19.38.53:267][947]LogParticles: Destroying 0 GPU particle simulations for FXSystem 0x000000C7F6DDEA20
[2015.12.24-23.32.05:185][530]LogRenderer: Reallocating scene render targets to support 2036x780 (Frame:1901).
[2015.12.25-02.56.54:163][943]LogHttp:Warning: Timeout processing Http request. 000000C7F6CDC600
[2015.12.25-03.06.01:510][993]LogWindowsTextInputMethodSystem:Display: IME system now deactivated.
[2015.12.25-03.06.01:720][994]Cmd: QUIT_EDITOR
[2015.12.25-03.06.01:861][994]LogExit: Preparing to exit.
[2015.12.25-03.06.02:809][994]LogExit: Editor shut down
[2015.12.25-03.06.02:809][994]LogExit: Transaction tracking system shut down
[2015.12.25-03.06.02:811][994]LogParticles: Destroying 0 GPU particle simulations for FXSystem 0x000000C7D14E3CE0
[2015.12.25-03.06.02:964][994]LogParticles: Destroying 0 GPU particle simulations for FXSystem 0x000000C7EF727880
[2015.12.25-03.06.02:964][994]LogExit: Object subsystem successfully closed.
[2015.12.25-03.06.02:978][994]LogD3D11RHI: Shutdown
[2015.12.25-03.06.02:978][994]LogD3D11RHI: CleanupD3DDevice
[2015.12.25-03.06.03:053][994]LogD3D11RHI: ~FD3D11DynamicRHI
[2015.12.25-03.06.03:067][994]LogModuleManager: Shutting down and abandoning module CrashTracker (199)
[2015.12.25-03.06.03:067][994]LogModuleManager: Shutting down and abandoning module SceneOutliner (198)
[2015.12.25-03.06.03:067][994]LogModuleManager: Shutting down and abandoning module SuperSearch (197)
[2015.12.25-03.06.03:067][994]LogModuleManager: Shutting down and abandoning module WidgetCarousel (196)
[2015.12.25-03.06.03:067][994]LogModuleManager: Shutting down and abandoning module AddContentDialog (195)
[2015.12.25-03.06.03:068][994]LogModuleManager: Shutting down and abandoning module EditorWidgets (194)
[2015.12.25-03.06.03:068][994]LogModuleManager: Shutting down and abandoning module CollectionManager (193)
[2015.12.25-03.06.03:068][994]LogModuleManager: Shutting down and abandoning module StatsViewer (192)
[2015.12.25-03.06.03:068][994]LogModuleManager: Shutting down and abandoning module FoliageEdit (191)
[2015.12.25-03.06.03:068][994]LogModuleManager: Shutting down and abandoning module LandscapeEditor (190)
[2015.12.25-03.06.03:069][994]LogModuleManager: Shutting down and abandoning module ActorPickerMode (189)
[2015.12.25-03.06.03:069][994]LogModuleManager: Shutting down and abandoning module GeometryMode (188)
[2015.12.25-03.06.03:069][994]LogModuleManager: Shutting down and abandoning module TextureAlignMode (187)
[2015.12.25-03.06.03:069][994]LogModuleManager: Shutting down and abandoning module BspMode (186)
[2015.12.25-03.06.03:069][994]LogModuleManager: Shutting down and abandoning module PlacementMode (185)
[2015.12.25-03.06.03:069][994]LogModuleManager: Shutting down and abandoning module AutomationWorker (184)
[2015.12.25-03.06.03:069][994]LogModuleManager: Shutting down and abandoning module CharacterAI (183)
[2015.12.25-03.06.03:069][994]LogModuleManager: Shutting down and abandoning module SmartSnapping (182)
[2015.12.25-03.06.03:069][994]LogModuleManager: Shutting down and abandoning module ViewportSnapping (181)
[2015.12.25-03.06.03:069][994]LogModuleManager: Shutting down and abandoning module LogVisualizer (180)
[2015.12.25-03.06.03:069][994]LogModuleManager: Shutting down and abandoning module GameProjectGeneration (179)
[2015.12.25-03.06.03:069][994]LogModuleManager: Shutting down and abandoning module IntroTutorials (178)
[2015.12.25-03.06.03:069][994]LogModuleManager: Shutting down and abandoning module EditorLiveStreaming (177)
[2015.12.25-03.06.03:069][994]LogModuleManager: Shutting down and abandoning module IOSPlatformEditor (176)
[2015.12.25-03.06.03:069][994]LogModuleManager: Shutting down and abandoning module HTML5PlatformEditor (175)
[2015.12.25-03.06.03:069][994]LogModuleManager: Shutting down and abandoning module AndroidDeviceDetection (174)
[2015.12.25-03.06.03:797][994]LogModuleManager: Shutting down and abandoning module AndroidPlatformEditor (173)
[2015.12.25-03.06.03:797][994]LogModuleManager: Shutting down and abandoning module IOSRuntimeSettings (172)
[2015.12.25-03.06.03:797][994]LogModuleManager: Shutting down and abandoning module AndroidRuntimeSettings (171)
[2015.12.25-03.06.03:797][994]LogModuleManager: Shutting down and abandoning module MergeActors (170)
[2015.12.25-03.06.03:797][994]LogModuleManager: Shutting down and abandoning module SizeMap (169)
[2015.12.25-03.06.03:797][994]LogModuleManager: Shutting down and abandoning module TreeMap (168)
[2015.12.25-03.06.03:797][994]LogModuleManager: Shutting down and abandoning module ReferenceViewer (167)
[2015.12.25-03.06.03:797][994]LogModuleManager: Shutting down and abandoning module LocalizationService (166)
[2015.12.25-03.06.03:797][994]LogModuleManager: Shutting down and abandoning module LocalizationDashboard (165)
[2015.12.25-03.06.03:797][994]LogModuleManager: Shutting down and abandoning module HardwareTargeting (164)
[2015.12.25-03.06.03:797][994]LogModuleManager: Shutting down and abandoning module DeviceProfileEditor (163)
[2015.12.25-03.06.03:797][994]LogModuleManager: Shutting down and abandoning module UndoHistory (162)
[2015.12.25-03.06.03:797][994]LogModuleManager: Shutting down and abandoning module GameplayTagsEditor (161)
[2015.12.25-03.06.03:797][994]LogModuleManager: Shutting down and abandoning module UserFeedback (160)
[2015.12.25-03.06.03:797][994]LogModuleManager: Shutting down and abandoning module XmlParser (159)
[2015.12.25-03.06.03:797][994]LogModuleManager: Shutting down and abandoning module Blutility (158)
[2015.12.25-03.06.03:797][994]LogModuleManager: Shutting down and abandoning module ProjectTargetPlatformEditor (157)
[2015.12.25-03.06.03:797][994]LogModuleManager: Shutting down and abandoning module ProjectSettingsViewer (156)
[2015.12.25-03.06.03:797][994]LogModuleManager: Shutting down and abandoning module InputBindingEditor (155)
[2015.12.25-03.06.03:797][994]LogModuleManager: Shutting down and abandoning module EditorSettingsViewer (154)
[2015.12.25-03.06.03:797][994]LogModuleManager: Shutting down and abandoning module SettingsEditor (153)
[2015.12.25-03.06.03:798][994]LogModuleManager: Shutting down and abandoning module ProjectLauncher (152)
[2015.12.25-03.06.03:798][994]LogModuleManager: Shutting down and abandoning module SessionFrontend (151)
[2015.12.25-03.06.03:798][994]LogModuleManager: Shutting down and abandoning module ProfilerClient (150)
[2015.12.25-03.06.03:798][994]LogModuleManager: Shutting down and abandoning module TargetDeviceServices (149)
[2015.12.25-03.06.03:798][994]LogModuleManager: Shutting down and abandoning module DeviceManager (148)
[2015.12.25-03.06.03:798][994]LogModuleManager: Shutting down and abandoning module AutomationController (147)
[2015.12.25-03.06.03:798][994]LogModuleManager: Shutting down and abandoning module AutomationWindow (146)
[2015.12.25-03.06.03:798][994]LogModuleManager: Shutting down and abandoning module Layers (145)
[2015.12.25-03.06.03:798][994]LogModuleManager: Shutting down and abandoning module ComponentVisualizers (144)
[2015.12.25-03.06.03:798][994]LogModuleManager: Shutting down and abandoning module DetailCustomizations (143)
[2015.12.25-03.06.03:798][994]LogModuleManager: Shutting down and abandoning module PackagesDialog (142)
[2015.12.25-03.06.03:798][994]LogModuleManager: Shutting down and abandoning module Persona (141)
[2015.12.25-03.06.03:798][994]LogModuleManager: Shutting down and abandoning module Kismet (140)
[2015.12.25-03.06.03:798][994]LogModuleManager: Shutting down and abandoning module GraphEditor (139)
[2015.12.25-03.06.03:798][994]LogModuleManager: Shutting down and abandoning module ClassViewer (138)
[2015.12.25-03.06.03:798][994]LogModuleManager: Shutting down and abandoning module Toolbox (137)
[2015.12.25-03.06.03:798][994]LogModuleManager: Shutting down and abandoning module ModuleUI (136)
[2015.12.25-03.06.03:798][994]LogModuleManager: Shutting down and abandoning module MovieSceneTools (135)
[2015.12.25-03.06.03:798][994]LogModuleManager: Shutting down and abandoning module OutputLog (134)
[2015.12.25-03.06.03:798][994]LogModuleManager: Shutting down and abandoning module GammaUI (133)
[2015.12.25-03.06.03:798][994]LogModuleManager: Shutting down and abandoning module Documentation (132)
[2015.12.25-03.06.03:798][994]LogModuleManager: Shutting down and abandoning module GameLiveStreaming (131)
[2015.12.25-03.06.03:798][994]LogModuleManager: Shutting down and abandoning module StreamingPauseRendering (130)
[2015.12.25-03.06.03:798][994]LogModuleManager: Shutting down and abandoning module AnalyticsET (129)
[2015.12.25-03.06.03:798][994]LogModuleManager: Shutting down and abandoning module Analytics (128)
[2015.12.25-03.06.03:798][994]LogModuleManager: Shutting down and abandoning module AITestSuite (127)
[2015.12.25-03.06.03:798][994]LogModuleManager: Shutting down and abandoning module GameplayDebugger (126)
[2015.12.25-03.06.03:798][994]LogModuleManager: Shutting down and abandoning module AIModule (125)
[2015.12.25-03.06.03:798][994]LogModuleManager: Shutting down and abandoning module ProfilerService (124)
[2015.12.25-03.06.03:876][994]LogModuleManager: Shutting down and abandoning module TaskGraph (123)
[2015.12.25-03.06.03:876][994]LogModuleManager: Shutting down and abandoning module SlateRemote (122)
[2015.12.25-03.06.03:876][994]LogModuleManager: Shutting down and abandoning module SteamVRController (121)
[2015.12.25-03.06.03:876][994]LogModuleManager: Shutting down and abandoning module SteamVR (120)
[2015.12.25-03.06.03:876][994]LogModuleManager: Shutting down and abandoning module ProceduralMeshComponent (119)
[2015.12.25-03.06.03:876][994]LogModuleManager: Shutting down and abandoning module OculusLibrary (118)
[2015.12.25-03.06.03:876][994]LogModuleManager: Shutting down and abandoning module OculusInput (117)
[2015.12.25-03.06.03:876][994]LogModuleManager: Shutting down and abandoning module LeapMotionController (116)
[2015.12.25-03.06.03:891][994]LogModuleManager: Shutting down and abandoning module CustomMeshComponent (115)
[2015.12.25-03.06.03:891][994]LogModuleManager: Shutting down and abandoning module CableComponent (114)
[2015.12.25-03.06.03:891][994]LogModuleManager: Shutting down and abandoning module ArchVisCharacter (113)
[2015.12.25-03.06.03:891][994]LogModuleManager: Shutting down and abandoning module MessagingDebugger (112)
[2015.12.25-03.06.03:891][994]LogModuleManager: Shutting down and abandoning module MediaPlayerEditor (111)
[2015.12.25-03.06.03:891][994]LogModuleManager: Shutting down and abandoning module HTML5Networking (110)
[2015.12.25-03.06.03:891][994]LogModuleManager: Shutting down and abandoning module SpeedTreeImporter (109)
[2015.12.25-03.06.03:891][994]LogModuleManager: Shutting down and abandoning module PluginBrowser (108)
[2015.12.25-03.06.03:891][994]LogModuleManager: Shutting down and abandoning module EpicSurvey (107)
[2015.12.25-03.06.03:891][994]LogModuleManager: Shutting down and abandoning module DesktopPlatform (106)
[2015.12.25-03.06.03:891][994]LogModuleManager: Shutting down and abandoning module VisualStudioSourceCodeAccess (105)
[2015.12.25-03.06.03:891][994]LogModuleManager: Shutting down and abandoning module UObjectPlugin (104)
[2015.12.25-03.06.03:891][994]LogModuleManager: Shutting down and abandoning module SubversionSourceControl (103)
[2015.12.25-03.06.03:891][994]LogModuleManager: Shutting down and abandoning module PerforceSourceControl (102)
[2015.12.25-03.06.03:891][994]LogModuleManager: Shutting down and abandoning module SourceControl (101)
[2015.12.25-03.06.03:891][994]LogModuleManager: Shutting down and abandoning module GitSourceControl (100)
[2015.12.25-03.06.03:891][994]LogModuleManager: Shutting down and abandoning module LightPropagationVolumeEditor (99)
[2015.12.25-03.06.03:891][994]LogModuleManager: Shutting down and abandoning module PaperTiledImporter (98)
[2015.12.25-03.06.03:891][994]LogModuleManager: Shutting down and abandoning module PaperSpriteSheetImporter (97)
[2015.12.25-03.06.03:891][994]LogModuleManager: Shutting down and abandoning module MeshPaint (96)
[2015.12.25-03.06.03:891][994]LogModuleManager: Shutting down and abandoning module SlateReflector (95)
[2015.12.25-03.06.03:891][994]LogModuleManager: Shutting down and abandoning module HotReload (94)
[2015.12.25-03.06.03:891][994]LogModuleManager: Shutting down and abandoning module MainFrame (93)
[2015.12.25-03.06.03:891][994]LogModuleManager: Shutting down and abandoning module LevelEditor (92)
[2015.12.25-03.06.03:892][994]LogModuleManager: Shutting down and abandoning module DirectoryWatcher (91)
[2015.12.25-03.06.03:893][994]LogModuleManager: Shutting down and abandoning module AssetRegistry (90)
[2015.12.25-03.06.03:946][994]LogModuleManager: Shutting down and abandoning module ContentBrowser (89)
[2015.12.25-03.06.03:948][994]LogModuleManager: Shutting down and abandoning module Paper2DEditor (88)
[2015.12.25-03.06.03:948][994]LogModuleManager: Shutting down and abandoning module Sandbox (87)
[2015.12.25-03.06.03:948][994]LogModuleManager: Shutting down and abandoning module UdpMessaging (86)
[2015.12.25-03.06.04:049][994]LogModuleManager: Shutting down and abandoning module LightPropagationVolumeRuntime (85)
[2015.12.25-03.06.04:049][994]LogModuleManager: Shutting down and abandoning module Paper2D (84)
[2015.12.25-03.06.04:049][994]LogModuleManager: Shutting down and abandoning module WindowsMoviePlayer (83)
[2015.12.25-03.06.04:051][994]LogModuleManager: Shutting down and abandoning module Media (82)
[2015.12.25-03.06.04:051][994]LogModuleManager: Shutting down and abandoning module WmfMedia (81)
[2015.12.25-03.06.04:052][994]LogModuleManager: Shutting down and abandoning module OnlineBlueprintSupport (80)
[2015.12.25-03.06.04:052][994]LogModuleManager: Shutting down and abandoning module GameplayTasksEditor (79)
[2015.12.25-03.06.04:052][994]LogModuleManager: Shutting down and abandoning module PropertyEditor (78)
[2015.12.25-03.06.04:052][994]LogModuleManager: Shutting down and abandoning module BehaviorTreeEditor (77)
[2015.12.25-03.06.04:052][994]LogModuleManager: Shutting down and abandoning module FunctionalTesting (76)
[2015.12.25-03.06.04:052][994]LogModuleManager: Shutting down and abandoning module CollisionAnalyzer (75)
[2015.12.25-03.06.04:052][994]LogModuleManager: Shutting down and abandoning module WorkspaceMenuStructure (74)
[2015.12.25-03.06.04:052][994]LogModuleManager: Shutting down and abandoning module MessageLog (73)
[2015.12.25-03.06.04:052][994]LogModuleManager: Shutting down and abandoning module Sequencer (72)
[2015.12.25-03.06.04:052][994]LogModuleManager: Shutting down and abandoning module AssetTools (71)
[2015.12.25-03.06.04:052][994]LogModuleManager: Shutting down and abandoning module UMGEditor (70)
[2015.12.25-03.06.04:052][994]LogModuleManager: Shutting down and abandoning module UMG (69)
[2015.12.25-03.06.04:052][994]LogModuleManager: Shutting down and abandoning module Slate (68)
[2015.12.25-03.06.04:052][994]LogModuleManager: Shutting down and abandoning module EditorStyle (67)
[2015.12.25-03.06.04:055][994]LogModuleManager: Shutting down and abandoning module SessionServices (66)
[2015.12.25-03.06.04:055][994]LogModuleManager: Shutting down and abandoning module SourceCodeAccess (65)
[2015.12.25-03.06.04:055][994]LogModuleManager: Shutting down and abandoning module HeadMountedDisplay (64)
[2015.12.25-03.06.04:055][994]LogModuleManager: Shutting down and abandoning module XAudio2 (63)
[2015.12.25-03.06.04:055][994]LogModuleManager: Shutting down and abandoning module Networking (61)
[2015.12.25-03.06.04:055][994]LogModuleManager: Shutting down and abandoning module Core (60)
[2015.12.25-03.06.04:055][994]LogModuleManager: Shutting down and abandoning module KismetCompiler (59)
[2015.12.25-03.06.04:055][994]LogModuleManager: Shutting down and abandoning module PhysXFormats (58)
[2015.12.25-03.06.04:055][994]LogModuleManager: Shutting down and abandoning module MeshUtilities (57)
[2015.12.25-03.06.04:055][994]LogModuleManager: Shutting down and abandoning module DerivedDataCache (56)
[2015.12.25-03.06.04:079][994]LogDerivedDataCache: Shutdown
[2015.12.25-03.06.04:079][994]LogModuleManager: Shutting down and abandoning module ShaderFormatOpenGL (55)
[2015.12.25-03.06.04:079][994]LogModuleManager: Shutting down and abandoning module ShaderFormatD3D (54)
[2015.12.25-03.06.04:079][994]LogModuleManager: Shutting down and abandoning module MetalShaderFormat (53)
[2015.12.25-03.06.04:079][994]LogModuleManager: Shutting down and abandoning module TextureFormatUncompressed (52)
[2015.12.25-03.06.04:079][994]LogModuleManager: Shutting down and abandoning module TextureFormatPVR (51)
[2015.12.25-03.06.04:079][994]LogModuleManager: Shutting down and abandoning module TextureFormatIntelISPCTexComp (50)
[2015.12.25-03.06.04:079][994]LogModuleManager: Shutting down and abandoning module TextureFormatDXT (49)
[2015.12.25-03.06.04:079][994]LogModuleManager: Shutting down and abandoning module ImageWrapper (48)
[2015.12.25-03.06.04:079][994]LogModuleManager: Shutting down and abandoning module TextureFormatASTC (47)
[2015.12.25-03.06.04:079][994]LogModuleManager: Shutting down and abandoning module TextureFormatAndroid (46)
[2015.12.25-03.06.04:079][994]LogModuleManager: Shutting down and abandoning module AudioFormatOpus (45)
[2015.12.25-03.06.04:079][994]LogModuleManager: Shutting down and abandoning module AudioFormatOgg (44)
[2015.12.25-03.06.04:079][994]LogModuleManager: Shutting down and abandoning module AudioFormatADPCM (43)
[2015.12.25-03.06.04:079][994]LogModuleManager: Shutting down and abandoning module LinuxTargetPlatform (42)
[2015.12.25-03.06.04:079][994]LogModuleManager: Shutting down and abandoning module LinuxServerTargetPlatform (41)
[2015.12.25-03.06.04:079][994]LogModuleManager: Shutting down and abandoning module LinuxNoEditorTargetPlatform (40)
[2015.12.25-03.06.04:079][994]LogModuleManager: Shutting down and abandoning module Messaging (39)
[2015.12.25-03.06.04:079][994]LogModuleManager: Shutting down and abandoning module IOSTargetPlatform (38)
[2015.12.25-03.06.04:079][994]LogModuleManager: Shutting down and abandoning module HTML5TargetPlatform (37)
[2015.12.25-03.06.04:079][994]LogModuleManager: Shutting down and abandoning module Android_PVRTCTargetPlatform (36)
[2015.12.25-03.06.04:079][994]LogModuleManager: Shutting down and abandoning module Android_MultiTargetPlatform (35)
[2015.12.25-03.06.04:079][994]LogModuleManager: Shutting down and abandoning module Android_ETC2TargetPlatform (34)
[2015.12.25-03.06.04:079][994]LogModuleManager: Shutting down and abandoning module Android_ETC1TargetPlatform (33)
[2015.12.25-03.06.04:079][994]LogModuleManager: Shutting down and abandoning module Android_DXTTargetPlatform (32)
[2015.12.25-03.06.04:079][994]LogModuleManager: Shutting down and abandoning module Android_ATCTargetPlatform (31)
[2015.12.25-03.06.04:079][994]LogModuleManager: Shutting down and abandoning module Android_ASTCTargetPlatform (30)
[2015.12.25-03.06.04:079][994]LogModuleManager: Shutting down and abandoning module AndroidTargetPlatform (29)
[2015.12.25-03.06.04:079][994]LogModuleManager: Shutting down and abandoning module WindowsTargetPlatform (28)
[2015.12.25-03.06.04:079][994]LogModuleManager: Shutting down and abandoning module WindowsServerTargetPlatform (27)
[2015.12.25-03.06.04:079][994]LogModuleManager: Shutting down and abandoning module WindowsNoEditorTargetPlatform (26)
[2015.12.25-03.06.04:079][994]LogModuleManager: Shutting down and abandoning module WindowsClientTargetPlatform (25)
[2015.12.25-03.06.04:079][994]LogModuleManager: Shutting down and abandoning module AllDesktopTargetPlatform (24)
[2015.12.25-03.06.04:080][994]LogModuleManager: Shutting down and abandoning module TargetPlatform (23)
[2015.12.25-03.06.04:080][994]LogModuleManager: Shutting down and abandoning module InputCore (22)
[2015.12.25-03.06.04:080][994]LogModuleManager: Shutting down and abandoning module Settings (21)
[2015.12.25-03.06.04:080][994]LogModuleManager: Shutting down and abandoning module OnlineSubsystem (19)
[2015.12.25-03.06.04:080][994]LogModuleManager: Shutting down and abandoning module HTTP (18)
[2015.12.25-03.06.06:084][994]LogModuleManager: Shutting down and abandoning module XMPP (17)
[2015.12.25-03.06.06:084][994]LogModuleManager: Shutting down and abandoning module OculusRift (16)
[2015.12.25-03.06.06:084][994]LogModuleManager: Shutting down and abandoning module ExampleDeviceProfileSelector (15)
[2015.12.25-03.06.06:084][994]LogModuleManager: Shutting down and abandoning module TextureCompressor (14)
[2015.12.25-03.06.06:084][994]LogModuleManager: Shutting down and abandoning module ShaderCore (13)
[2015.12.25-03.06.06:084][994]LogModuleManager: Shutting down and abandoning module Landscape (12)
[2015.12.25-03.06.06:084][994]LogModuleManager: Shutting down and abandoning module SlateRHIRenderer (11)
[2015.12.25-03.06.06:084][994]LogModuleManager: Shutting down and abandoning module OpenGLDrv (10)
[2015.12.25-03.06.06:084][994]LogModuleManager: Shutting down and abandoning module D3D11RHI (9)
[2015.12.25-03.06.06:084][994]LogModuleManager: Shutting down and abandoning module AnimGraphRuntime (8)
[2015.12.25-03.06.06:084][994]LogModuleManager: Shutting down and abandoning module Renderer (7)
[2015.12.25-03.06.06:084][994]LogModuleManager: Shutting down and abandoning module Engine (6)
[2015.12.25-03.06.06:084][994]LogModuleManager: Shutting down and abandoning module CoreUObject (5)
[2015.12.25-03.06.06:084][994]LogModuleManager: Shutting down and abandoning module NetworkFile (4)
[2015.12.25-03.06.06:084][994]LogModuleManager: Shutting down and abandoning module StreamingFile (3)
[2015.12.25-03.06.06:084][994]LogModuleManager: Shutting down and abandoning module SandboxFile (2)
[2015.12.25-03.06.06:084][994]LogModuleManager: Shutting down and abandoning module PakFile (1)
[2015.12.25-03.06.06:086][994]LogExit: Exiting.
[2015.12.25-03.06.06:087][994]Log file closed, 12/24/15 19:06:06
